[15:13:08.046] Global cache location '/home/aym1607/.cache/typescript/4.2', safe file path '/home/aym1607/.nvm/versions/node/v14.16.1/lib/node_modules/typescript/lib/typingSafeList.json', types map path /home/aym1607/.nvm/versions/node/v14.16.1/lib/node_modules/typescript/lib/typesMap.json
[15:13:08.046] Processing cache location '/home/aym1607/.cache/typescript/4.2'
[15:13:08.046] Trying to find '/home/aym1607/.cache/typescript/4.2/package.json'...
[15:13:08.046] Finished processing cache location '/home/aym1607/.cache/typescript/4.2'
[15:13:08.047] Process id: 25617
[15:13:08.047] NPM location: /home/aym1607/.nvm/versions/node/v14.16.1/bin/npm (explicit '--npmLocation' not  provided)
[15:13:08.047] validateDefaultNpmLocation: false
[15:13:08.047] Npm config file: /home/aym1607/.cache/typescript/4.2/package.json
[15:13:08.047] Npm config file: '/home/aym1607/.cache/typescript/4.2/package.json' is missing, creating new one...
[15:13:08.048] Updating types-registry npm package...
[15:13:08.048] Exec: /home/aym1607/.nvm/versions/node/v14.16.1/bin/npm install --ignore-scripts types-registry@latest
[15:13:09.273]     Succeeded. stdout:
    + types-registry@0.1.540
    added 1 package from 1 contributor and audited 1 package in 0.891s
found 0 vulnerabilities


[15:13:09.273] Updated types-registry npm package
[15:13:11.419] Got install request {"projectName":"/dev/null/inferredProject1*","fileNames":["/home/aym1607/.nvm/versions/node/v14.16.1/lib/node_modules/typescript/lib/lib.es5.d.ts","/home/aym1607/.nvm/versions/node/v14.16.1/lib/node_modules/typescript/lib/lib.es2015.d.ts","/home/aym1607/.nvm/versions/node/v14.16.1/lib/node_modules/typescript/lib/lib.es2016.d.ts","/home/aym1607/.nvm/versions/node/v14.16.1/lib/node_modules/typescript/lib/lib.dom.d.ts","/home/aym1607/.nvm/versions/node/v14.16.1/lib/node_modules/typescript/lib/lib.dom.iterable.d.ts","/home/aym1607/.nvm/versions/node/v14.16.1/lib/node_modules/typescript/lib/lib.webworker.importscripts.d.ts","/home/aym1607/.nvm/versions/node/v14.16.1/lib/node_modules/typescript/lib/lib.scripthost.d.ts","/home/aym1607/.nvm/versions/node/v14.16.1/lib/node_modules/typescript/lib/lib.es2015.core.d.ts","/home/aym1607/.nvm/versions/node/v14.16.1/lib/node_modules/typescript/lib/lib.es2015.collection.d.ts","/home/aym1607/.nvm/versions/node/v14.16.1/lib/node_modules/typescript/lib/lib.es2015.generator.d.ts","/home/aym1607/.nvm/versions/node/v14.16.1/lib/node_modules/typescript/lib/lib.es2015.iterable.d.ts","/home/aym1607/.nvm/versions/node/v14.16.1/lib/node_modules/typescript/lib/lib.es2015.promise.d.ts","/home/aym1607/.nvm/versions/node/v14.16.1/lib/node_modules/typescript/lib/lib.es2015.proxy.d.ts","/home/aym1607/.nvm/versions/node/v14.16.1/lib/node_modules/typescript/lib/lib.es2015.reflect.d.ts","/home/aym1607/.nvm/versions/node/v14.16.1/lib/node_modules/typescript/lib/lib.es2015.symbol.d.ts","/home/aym1607/.nvm/versions/node/v14.16.1/lib/node_modules/typescript/lib/lib.es2015.symbol.wellknown.d.ts","/home/aym1607/.nvm/versions/node/v14.16.1/lib/node_modules/typescript/lib/lib.es2016.array.include.d.ts","/home/aym1607/.nvm/versions/node/v14.16.1/lib/node_modules/typescript/lib/lib.es2016.full.d.ts","/home/aym1607/dev/AtHomeHRI/frontend/src/services/socketConnection.js","/home/aym1607/dev/AtHomeHRI/frontend/src/components/CameraFeed.js","/home/aym1607/dev/AtHomeHRI/frontend/src/components/DummyModule.js","/home/aym1607/dev/AtHomeHRI/frontend/src/components/RobotFace/RobotEyeController.js","/home/aym1607/dev/AtHomeHRI/frontend/src/components/RobotFace/RobotFace.js","/home/aym1607/dev/AtHomeHRI/frontend/src/components/RobotChat.js","/home/aym1607/dev/AtHomeHRI/frontend/src/App.js"],"compilerOptions":{"module":1,"target":3,"jsx":1,"allowJs":true,"allowSyntheticDefaultImports":true,"allowNonTsExtensions":true,"noEmitForJsFiles":true,"maxNodeModuleJsDepth":2},"typeAcquisition":{"enable":true,"include":[],"exclude":[]},"unresolvedImports":["react-chatbox-component","uuid"],"projectRootPath":"/home/aym1607/dev/AtHomeHRI/frontend/src","kind":"discover"}
[15:13:11.439] Loaded safelist from types map file '/home/aym1607/.nvm/versions/node/v14.16.1/lib/node_modules/typescript/lib/typesMap.json'
[15:13:11.440] Explicitly included types: []
[15:13:11.441] Inferred typings from unresolved imports: ["react-chatbox-component","uuid"]
[15:13:11.441] Result: {"cachedTypingPaths":[],"newTypingNames":["react-chatbox-component","uuid"],"filesToWatch":["/home/aym1607/dev/AtHomeHRI/frontend/src/services/bower_components","/home/aym1607/dev/AtHomeHRI/frontend/src/services/node_modules","/home/aym1607/dev/AtHomeHRI/frontend/src/components/bower_components","/home/aym1607/dev/AtHomeHRI/frontend/src/components/node_modules","/home/aym1607/dev/AtHomeHRI/frontend/src/components/RobotFace/bower_components","/home/aym1607/dev/AtHomeHRI/frontend/src/components/RobotFace/node_modules","/home/aym1607/dev/AtHomeHRI/frontend/src/bower_components","/home/aym1607/dev/AtHomeHRI/frontend/src/node_modules"]}
[15:13:11.441] Finished typings discovery: {"cachedTypingPaths":[],"newTypingNames":["react-chatbox-component","uuid"],"filesToWatch":["/home/aym1607/dev/AtHomeHRI/frontend/src/services/bower_components","/home/aym1607/dev/AtHomeHRI/frontend/src/services/node_modules","/home/aym1607/dev/AtHomeHRI/frontend/src/components/bower_components","/home/aym1607/dev/AtHomeHRI/frontend/src/components/node_modules","/home/aym1607/dev/AtHomeHRI/frontend/src/components/RobotFace/bower_components","/home/aym1607/dev/AtHomeHRI/frontend/src/components/RobotFace/node_modules","/home/aym1607/dev/AtHomeHRI/frontend/src/bower_components","/home/aym1607/dev/AtHomeHRI/frontend/src/node_modules"]}
[15:13:11.441] DirectoryWatcher:: Added:: WatchInfo: /home/aym1607/dev/AtHomeHRI/frontend/src/services
[15:13:11.442] DirectoryWatcher:: Added:: WatchInfo: /home/aym1607/dev/AtHomeHRI/frontend/src/services 1 undefined Project: /dev/null/inferredProject1* watcher already invoked: false
[15:13:11.443] Elapsed:: 1.2764960005879402ms DirectoryWatcher:: Added:: WatchInfo: /home/aym1607/dev/AtHomeHRI/frontend/src/services 1 undefined Project: /dev/null/inferredProject1* watcher already invoked: false
[15:13:11.443] DirectoryWatcher:: Added:: WatchInfo: /home/aym1607/dev/AtHomeHRI/frontend/src/components
[15:13:11.443] DirectoryWatcher:: Added:: WatchInfo: /home/aym1607/dev/AtHomeHRI/frontend/src/components 1 undefined Project: /dev/null/inferredProject1* watcher already invoked: false
[15:13:11.444] Elapsed:: 0.4468680005520582ms DirectoryWatcher:: Added:: WatchInfo: /home/aym1607/dev/AtHomeHRI/frontend/src/components 1 undefined Project: /dev/null/inferredProject1* watcher already invoked: false
[15:13:11.444] DirectoryWatcher:: Added:: WatchInfo: /home/aym1607/dev/AtHomeHRI/frontend/src/bower_components
[15:13:11.444] DirectoryWatcher:: Added:: WatchInfo: /home/aym1607/dev/AtHomeHRI/frontend/src/bower_components 1 undefined Project: /dev/null/inferredProject1* watcher already invoked: false
[15:13:11.444] Elapsed:: 0.724974000826478ms DirectoryWatcher:: Added:: WatchInfo: /home/aym1607/dev/AtHomeHRI/frontend/src/bower_components 1 undefined Project: /dev/null/inferredProject1* watcher already invoked: false
[15:13:11.444] DirectoryWatcher:: Added:: WatchInfo: /home/aym1607/dev/AtHomeHRI/frontend/src/node_modules
[15:13:11.445] DirectoryWatcher:: Added:: WatchInfo: /home/aym1607/dev/AtHomeHRI/frontend/src/node_modules 1 undefined Project: /dev/null/inferredProject1* watcher already invoked: false
[15:13:11.445] Elapsed:: 0.12718600034713745ms DirectoryWatcher:: Added:: WatchInfo: /home/aym1607/dev/AtHomeHRI/frontend/src/node_modules 1 undefined Project: /dev/null/inferredProject1* watcher already invoked: false
[15:13:11.445] Installing typings ["react-chatbox-component","uuid"]
[15:13:11.445] 'react-chatbox-component':: Entry for package 'react-chatbox-component' does not exist in local types registry - skipping...
[15:13:11.445] Npm config file: /home/aym1607/.cache/typescript/4.2/package.json
[15:13:11.445] Sending response:
    {"kind":"event::beginInstallTypes","eventId":1,"typingsInstallerVersion":"4.2.4","projectName":"/dev/null/inferredProject1*"}
[15:13:11.446] Response has been sent.
[15:13:11.446] #1 with arguments'["@types/uuid@ts4.2"]'.
[15:13:11.446] Exec: /home/aym1607/.nvm/versions/node/v14.16.1/bin/npm install --ignore-scripts @types/uuid@ts4.2 --save-dev --user-agent="typesInstaller/4.2.4"
[15:13:12.559]     Succeeded. stdout:
    + @types/uuid@8.3.0
    added 1 package from 5 contributors and audited 2 packages in 0.754s
found 0 vulnerabilities


[15:13:12.559] npm install #1 took: 1113 ms
[15:13:12.559] Installed typings ["@types/uuid@ts4.2"]
[15:13:12.566] Installed typing files ["/home/aym1607/.cache/typescript/4.2/node_modules/@types/uuid/index.d.ts"]
[15:13:12.566] Sending response:
    {"projectName":"/dev/null/inferredProject1*","typeAcquisition":{"enable":true,"include":[],"exclude":[]},"compilerOptions":{"module":1,"target":3,"jsx":1,"allowJs":true,"allowSyntheticDefaultImports":true,"allowNonTsExtensions":true,"noEmitForJsFiles":true,"maxNodeModuleJsDepth":2},"typings":["/home/aym1607/.cache/typescript/4.2/node_modules/@types/uuid/index.d.ts"],"unresolvedImports":["react-chatbox-component","uuid"],"kind":"action::set"}
[15:13:12.566] Response has been sent.
[15:13:12.566] Sending response:
    {"kind":"event::endInstallTypes","eventId":1,"projectName":"/dev/null/inferredProject1*","packagesToInstall":["@types/uuid@ts4.2"],"installSuccess":true,"typingsInstallerVersion":"4.2.4"}
[15:13:12.566] Response has been sent.
[15:13:13.021] Got install request {"projectName":"/dev/null/inferredProject1*","fileNames":["/home/aym1607/.nvm/versions/node/v14.16.1/lib/node_modules/typescript/lib/lib.es5.d.ts","/home/aym1607/.nvm/versions/node/v14.16.1/lib/node_modules/typescript/lib/lib.es2015.d.ts","/home/aym1607/.nvm/versions/node/v14.16.1/lib/node_modules/typescript/lib/lib.es2016.d.ts","/home/aym1607/.nvm/versions/node/v14.16.1/lib/node_modules/typescript/lib/lib.dom.d.ts","/home/aym1607/.nvm/versions/node/v14.16.1/lib/node_modules/typescript/lib/lib.dom.iterable.d.ts","/home/aym1607/.nvm/versions/node/v14.16.1/lib/node_modules/typescript/lib/lib.webworker.importscripts.d.ts","/home/aym1607/.nvm/versions/node/v14.16.1/lib/node_modules/typescript/lib/lib.scripthost.d.ts","/home/aym1607/.nvm/versions/node/v14.16.1/lib/node_modules/typescript/lib/lib.es2015.core.d.ts","/home/aym1607/.nvm/versions/node/v14.16.1/lib/node_modules/typescript/lib/lib.es2015.collection.d.ts","/home/aym1607/.nvm/versions/node/v14.16.1/lib/node_modules/typescript/lib/lib.es2015.generator.d.ts","/home/aym1607/.nvm/versions/node/v14.16.1/lib/node_modules/typescript/lib/lib.es2015.iterable.d.ts","/home/aym1607/.nvm/versions/node/v14.16.1/lib/node_modules/typescript/lib/lib.es2015.promise.d.ts","/home/aym1607/.nvm/versions/node/v14.16.1/lib/node_modules/typescript/lib/lib.es2015.proxy.d.ts","/home/aym1607/.nvm/versions/node/v14.16.1/lib/node_modules/typescript/lib/lib.es2015.reflect.d.ts","/home/aym1607/.nvm/versions/node/v14.16.1/lib/node_modules/typescript/lib/lib.es2015.symbol.d.ts","/home/aym1607/.nvm/versions/node/v14.16.1/lib/node_modules/typescript/lib/lib.es2015.symbol.wellknown.d.ts","/home/aym1607/.nvm/versions/node/v14.16.1/lib/node_modules/typescript/lib/lib.es2016.array.include.d.ts","/home/aym1607/.nvm/versions/node/v14.16.1/lib/node_modules/typescript/lib/lib.es2016.full.d.ts","/home/aym1607/dev/AtHomeHRI/frontend/src/services/socketConnection.js","/home/aym1607/dev/AtHomeHRI/frontend/src/components/CameraFeed.js","/home/aym1607/dev/AtHomeHRI/frontend/src/components/DummyModule.js","/home/aym1607/dev/AtHomeHRI/frontend/src/components/RobotFace/RobotEyeController.js","/home/aym1607/dev/AtHomeHRI/frontend/src/components/RobotFace/RobotFace.js","/home/aym1607/.cache/typescript/4.2/node_modules/@types/uuid/index.d.ts","/home/aym1607/dev/AtHomeHRI/frontend/src/components/RobotChat.js","/home/aym1607/dev/AtHomeHRI/frontend/src/App.js"],"compilerOptions":{"module":1,"target":3,"jsx":1,"allowJs":true,"allowSyntheticDefaultImports":true,"allowNonTsExtensions":true,"noEmitForJsFiles":true,"maxNodeModuleJsDepth":2},"typeAcquisition":{"enable":true,"include":[],"exclude":[]},"unresolvedImports":["react-chatbox-component"],"projectRootPath":"/home/aym1607/dev/AtHomeHRI/frontend/src","kind":"discover"}
[15:13:13.022] Explicitly included types: []
[15:13:13.023] Inferred typings from unresolved imports: ["react-chatbox-component"]
[15:13:13.023] Result: {"cachedTypingPaths":[],"newTypingNames":["react-chatbox-component"],"filesToWatch":["/home/aym1607/dev/AtHomeHRI/frontend/src/services/bower_components","/home/aym1607/dev/AtHomeHRI/frontend/src/services/node_modules","/home/aym1607/dev/AtHomeHRI/frontend/src/components/bower_components","/home/aym1607/dev/AtHomeHRI/frontend/src/components/node_modules","/home/aym1607/dev/AtHomeHRI/frontend/src/components/RobotFace/bower_components","/home/aym1607/dev/AtHomeHRI/frontend/src/components/RobotFace/node_modules","/home/aym1607/dev/AtHomeHRI/frontend/src/bower_components","/home/aym1607/dev/AtHomeHRI/frontend/src/node_modules"]}
[15:13:13.023] Finished typings discovery: {"cachedTypingPaths":[],"newTypingNames":["react-chatbox-component"],"filesToWatch":["/home/aym1607/dev/AtHomeHRI/frontend/src/services/bower_components","/home/aym1607/dev/AtHomeHRI/frontend/src/services/node_modules","/home/aym1607/dev/AtHomeHRI/frontend/src/components/bower_components","/home/aym1607/dev/AtHomeHRI/frontend/src/components/node_modules","/home/aym1607/dev/AtHomeHRI/frontend/src/components/RobotFace/bower_components","/home/aym1607/dev/AtHomeHRI/frontend/src/components/RobotFace/node_modules","/home/aym1607/dev/AtHomeHRI/frontend/src/bower_components","/home/aym1607/dev/AtHomeHRI/frontend/src/node_modules"]}
[15:13:13.024] Installing typings ["react-chatbox-component"]
[15:13:13.024] 'react-chatbox-component':: Entry for package 'react-chatbox-component' does not exist in local types registry - skipping...
[15:13:13.024] All typings are known to be missing or invalid - no need to install more typings
[15:13:13.024] Sending response:
    {"projectName":"/dev/null/inferredProject1*","typeAcquisition":{"enable":true,"include":[],"exclude":[]},"compilerOptions":{"module":1,"target":3,"jsx":1,"allowJs":true,"allowSyntheticDefaultImports":true,"allowNonTsExtensions":true,"noEmitForJsFiles":true,"maxNodeModuleJsDepth":2},"typings":[],"unresolvedImports":["react-chatbox-component"],"kind":"action::set"}
[15:13:13.024] Response has been sent.
[15:13:13.442] Got install request {"projectName":"/dev/null/inferredProject1*","fileNames":["/home/aym1607/.nvm/versions/node/v14.16.1/lib/node_modules/typescript/lib/lib.es5.d.ts","/home/aym1607/.nvm/versions/node/v14.16.1/lib/node_modules/typescript/lib/lib.es2015.d.ts","/home/aym1607/.nvm/versions/node/v14.16.1/lib/node_modules/typescript/lib/lib.es2016.d.ts","/home/aym1607/.nvm/versions/node/v14.16.1/lib/node_modules/typescript/lib/lib.dom.d.ts","/home/aym1607/.nvm/versions/node/v14.16.1/lib/node_modules/typescript/lib/lib.dom.iterable.d.ts","/home/aym1607/.nvm/versions/node/v14.16.1/lib/node_modules/typescript/lib/lib.webworker.importscripts.d.ts","/home/aym1607/.nvm/versions/node/v14.16.1/lib/node_modules/typescript/lib/lib.scripthost.d.ts","/home/aym1607/.nvm/versions/node/v14.16.1/lib/node_modules/typescript/lib/lib.es2015.core.d.ts","/home/aym1607/.nvm/versions/node/v14.16.1/lib/node_modules/typescript/lib/lib.es2015.collection.d.ts","/home/aym1607/.nvm/versions/node/v14.16.1/lib/node_modules/typescript/lib/lib.es2015.generator.d.ts","/home/aym1607/.nvm/versions/node/v14.16.1/lib/node_modules/typescript/lib/lib.es2015.iterable.d.ts","/home/aym1607/.nvm/versions/node/v14.16.1/lib/node_modules/typescript/lib/lib.es2015.promise.d.ts","/home/aym1607/.nvm/versions/node/v14.16.1/lib/node_modules/typescript/lib/lib.es2015.proxy.d.ts","/home/aym1607/.nvm/versions/node/v14.16.1/lib/node_modules/typescript/lib/lib.es2015.reflect.d.ts","/home/aym1607/.nvm/versions/node/v14.16.1/lib/node_modules/typescript/lib/lib.es2015.symbol.d.ts","/home/aym1607/.nvm/versions/node/v14.16.1/lib/node_modules/typescript/lib/lib.es2015.symbol.wellknown.d.ts","/home/aym1607/.nvm/versions/node/v14.16.1/lib/node_modules/typescript/lib/lib.es2016.array.include.d.ts","/home/aym1607/.nvm/versions/node/v14.16.1/lib/node_modules/typescript/lib/lib.es2016.full.d.ts","/home/aym1607/dev/AtHomeHRI/frontend/src/services/socketConnection.js","/home/aym1607/dev/AtHomeHRI/frontend/src/components/CameraFeed.js","/home/aym1607/dev/AtHomeHRI/frontend/src/components/DummyModule.js","/home/aym1607/dev/AtHomeHRI/frontend/src/components/RobotFace/RobotEyeController.js","/home/aym1607/dev/AtHomeHRI/frontend/src/components/RobotFace/RobotFace.js","/home/aym1607/dev/AtHomeHRI/frontend/src/components/RobotChat.js","/home/aym1607/dev/AtHomeHRI/frontend/src/App.js"],"compilerOptions":{"module":1,"target":3,"jsx":1,"allowJs":true,"allowSyntheticDefaultImports":true,"allowNonTsExtensions":true,"noEmitForJsFiles":true,"maxNodeModuleJsDepth":2},"typeAcquisition":{"enable":true,"include":[],"exclude":[]},"unresolvedImports":["react-chatbox-component"],"projectRootPath":"/home/aym1607/dev/AtHomeHRI/frontend/src","kind":"discover"}
[15:13:13.442] Explicitly included types: []
[15:13:13.443] Inferred typings from unresolved imports: ["react-chatbox-component"]
[15:13:13.443] Result: {"cachedTypingPaths":[],"newTypingNames":["react-chatbox-component"],"filesToWatch":["/home/aym1607/dev/AtHomeHRI/frontend/src/services/bower_components","/home/aym1607/dev/AtHomeHRI/frontend/src/services/node_modules","/home/aym1607/dev/AtHomeHRI/frontend/src/components/bower_components","/home/aym1607/dev/AtHomeHRI/frontend/src/components/node_modules","/home/aym1607/dev/AtHomeHRI/frontend/src/components/RobotFace/bower_components","/home/aym1607/dev/AtHomeHRI/frontend/src/components/RobotFace/node_modules","/home/aym1607/dev/AtHomeHRI/frontend/src/bower_components","/home/aym1607/dev/AtHomeHRI/frontend/src/node_modules"]}
[15:13:13.443] Finished typings discovery: {"cachedTypingPaths":[],"newTypingNames":["react-chatbox-component"],"filesToWatch":["/home/aym1607/dev/AtHomeHRI/frontend/src/services/bower_components","/home/aym1607/dev/AtHomeHRI/frontend/src/services/node_modules","/home/aym1607/dev/AtHomeHRI/frontend/src/components/bower_components","/home/aym1607/dev/AtHomeHRI/frontend/src/components/node_modules","/home/aym1607/dev/AtHomeHRI/frontend/src/components/RobotFace/bower_components","/home/aym1607/dev/AtHomeHRI/frontend/src/components/RobotFace/node_modules","/home/aym1607/dev/AtHomeHRI/frontend/src/bower_components","/home/aym1607/dev/AtHomeHRI/frontend/src/node_modules"]}
[15:13:13.443] Installing typings ["react-chatbox-component"]
[15:13:13.443] 'react-chatbox-component':: Entry for package 'react-chatbox-component' does not exist in local types registry - skipping...
[15:13:13.443] All typings are known to be missing or invalid - no need to install more typings
[15:13:13.443] Sending response:
    {"projectName":"/dev/null/inferredProject1*","typeAcquisition":{"enable":true,"include":[],"exclude":[]},"compilerOptions":{"module":1,"target":3,"jsx":1,"allowJs":true,"allowSyntheticDefaultImports":true,"allowNonTsExtensions":true,"noEmitForJsFiles":true,"maxNodeModuleJsDepth":2},"typings":[],"unresolvedImports":["react-chatbox-component"],"kind":"action::set"}
[15:13:13.443] Response has been sent.
[15:29:20.594] Got install request {"projectName":"/dev/null/inferredProject1*","fileNames":["/home/aym1607/.nvm/versions/node/v14.16.1/lib/node_modules/typescript/lib/lib.es5.d.ts","/home/aym1607/.nvm/versions/node/v14.16.1/lib/node_modules/typescript/lib/lib.es2015.d.ts","/home/aym1607/.nvm/versions/node/v14.16.1/lib/node_modules/typescript/lib/lib.es2016.d.ts","/home/aym1607/.nvm/versions/node/v14.16.1/lib/node_modules/typescript/lib/lib.dom.d.ts","/home/aym1607/.nvm/versions/node/v14.16.1/lib/node_modules/typescript/lib/lib.dom.iterable.d.ts","/home/aym1607/.nvm/versions/node/v14.16.1/lib/node_modules/typescript/lib/lib.webworker.importscripts.d.ts","/home/aym1607/.nvm/versions/node/v14.16.1/lib/node_modules/typescript/lib/lib.scripthost.d.ts","/home/aym1607/.nvm/versions/node/v14.16.1/lib/node_modules/typescript/lib/lib.es2015.core.d.ts","/home/aym1607/.nvm/versions/node/v14.16.1/lib/node_modules/typescript/lib/lib.es2015.collection.d.ts","/home/aym1607/.nvm/versions/node/v14.16.1/lib/node_modules/typescript/lib/lib.es2015.generator.d.ts","/home/aym1607/.nvm/versions/node/v14.16.1/lib/node_modules/typescript/lib/lib.es2015.iterable.d.ts","/home/aym1607/.nvm/versions/node/v14.16.1/lib/node_modules/typescript/lib/lib.es2015.promise.d.ts","/home/aym1607/.nvm/versions/node/v14.16.1/lib/node_modules/typescript/lib/lib.es2015.proxy.d.ts","/home/aym1607/.nvm/versions/node/v14.16.1/lib/node_modules/typescript/lib/lib.es2015.reflect.d.ts","/home/aym1607/.nvm/versions/node/v14.16.1/lib/node_modules/typescript/lib/lib.es2015.symbol.d.ts","/home/aym1607/.nvm/versions/node/v14.16.1/lib/node_modules/typescript/lib/lib.es2015.symbol.wellknown.d.ts","/home/aym1607/.nvm/versions/node/v14.16.1/lib/node_modules/typescript/lib/lib.es2016.array.include.d.ts","/home/aym1607/.nvm/versions/node/v14.16.1/lib/node_modules/typescript/lib/lib.es2016.full.d.ts","/home/aym1607/dev/AtHomeHRI/frontend/src/services/socketConnection.js","/home/aym1607/dev/AtHomeHRI/frontend/src/components/CameraFeed.js","/home/aym1607/dev/AtHomeHRI/frontend/src/components/DummyModule.js","/home/aym1607/dev/AtHomeHRI/frontend/src/components/RobotFace/RobotEyeController.js","/home/aym1607/dev/AtHomeHRI/frontend/src/components/RobotFace/RobotFace.js","/home/aym1607/dev/AtHomeHRI/frontend/src/components/RobotChat.js","/home/aym1607/dev/AtHomeHRI/frontend/src/App.js"],"compilerOptions":{"module":1,"target":3,"jsx":1,"allowJs":true,"allowSyntheticDefaultImports":true,"allowNonTsExtensions":true,"noEmitForJsFiles":true,"maxNodeModuleJsDepth":2},"typeAcquisition":{"enable":true,"include":[],"exclude":[]},"unresolvedImports":["react-chatbox-component"],"projectRootPath":"/home/aym1607/dev/AtHomeHRI/frontend/src","kind":"discover"}
[15:29:20.594] Explicitly included types: []
[15:29:20.595] Inferred typings from unresolved imports: ["react-chatbox-component"]
[15:29:20.595] Result: {"cachedTypingPaths":[],"newTypingNames":["react-chatbox-component"],"filesToWatch":["/home/aym1607/dev/AtHomeHRI/frontend/src/services/bower_components","/home/aym1607/dev/AtHomeHRI/frontend/src/services/node_modules","/home/aym1607/dev/AtHomeHRI/frontend/src/components/bower_components","/home/aym1607/dev/AtHomeHRI/frontend/src/components/node_modules","/home/aym1607/dev/AtHomeHRI/frontend/src/components/RobotFace/bower_components","/home/aym1607/dev/AtHomeHRI/frontend/src/components/RobotFace/node_modules","/home/aym1607/dev/AtHomeHRI/frontend/src/bower_components","/home/aym1607/dev/AtHomeHRI/frontend/src/node_modules"]}
[15:29:20.595] Finished typings discovery: {"cachedTypingPaths":[],"newTypingNames":["react-chatbox-component"],"filesToWatch":["/home/aym1607/dev/AtHomeHRI/frontend/src/services/bower_components","/home/aym1607/dev/AtHomeHRI/frontend/src/services/node_modules","/home/aym1607/dev/AtHomeHRI/frontend/src/components/bower_components","/home/aym1607/dev/AtHomeHRI/frontend/src/components/node_modules","/home/aym1607/dev/AtHomeHRI/frontend/src/components/RobotFace/bower_components","/home/aym1607/dev/AtHomeHRI/frontend/src/components/RobotFace/node_modules","/home/aym1607/dev/AtHomeHRI/frontend/src/bower_components","/home/aym1607/dev/AtHomeHRI/frontend/src/node_modules"]}
[15:29:20.595] Installing typings ["react-chatbox-component"]
[15:29:20.595] 'react-chatbox-component':: Entry for package 'react-chatbox-component' does not exist in local types registry - skipping...
[15:29:20.595] All typings are known to be missing or invalid - no need to install more typings
[15:29:20.595] Sending response:
    {"projectName":"/dev/null/inferredProject1*","typeAcquisition":{"enable":true,"include":[],"exclude":[]},"compilerOptions":{"module":1,"target":3,"jsx":1,"allowJs":true,"allowSyntheticDefaultImports":true,"allowNonTsExtensions":true,"noEmitForJsFiles":true,"maxNodeModuleJsDepth":2},"typings":[],"unresolvedImports":["react-chatbox-component"],"kind":"action::set"}
[15:29:20.595] Response has been sent.
